Step: build-step-credential-initializer:

{"level":"warn","ts":1549019849.992279,"logger":"fallback-logger","caller":"logging/config.go:65","msg":"Fetch GitHub commit ID from kodata failed: \"ref: refs/heads/test\" is not a valid GitHub commit ID"}
{"level":"info","ts":1549019849.9931083,"logger":"fallback-logger","caller":"creds-init/main.go:40","msg":"Credentials initialized."}
Step: build-step-git-source-0:

{"level":"warn","ts":1549019852.065171,"logger":"fallback-logger","caller":"logging/config.go:65","msg":"Fetch GitHub commit ID from kodata failed: \"ref: refs/heads/test\" is not a valid GitHub commit ID"}
{"level":"info","ts":1549019853.3286788,"logger":"fallback-logger","caller":"git-init/main.go:92","msg":"Successfully cloned \"https://github.com/rasppl/lb-helloworld-docker.git\" @ \"4964c1d901a609c0cfeafd57073632c77c2b3242\" in path \"/workspace\""}
Step: build-step-jenkins:

Picked up _JAVA_OPTIONS: -Xmx400m
Started
Running in Durability level: PERFORMANCE_OPTIMIZED
  19.056 [id=24]	WARNING	i.f.k.c.i.VersionUsageUtils#alert: The client is using resource type 'customresourcedefinitions' with unstable version 'v1beta1'
[Pipeline] node
Running on Jenkins in /tmp/jenkinsTests.tmp/jenkins554223032586550881test/workspace/job
[Pipeline] {
[Pipeline] stage
[Pipeline] { (Declarative: Checkout SCM)
[Pipeline] checkout
[Pipeline] }
[Pipeline] // stage
[Pipeline] withCredentials
[Pipeline] {
[Pipeline] withEnv
[Pipeline] {
[Pipeline] stage
[Pipeline] { (CI Build and push snapshot)
[Pipeline] withEnv
[Pipeline] {
[Pipeline] sh
+ npm install
added 433 packages in 10.383s
[Pipeline] sh
+ CI=true DISPLAY=:99 npm test

> lb-hello-docker@1.0.0 test /tmp/jenkinsTests.tmp/jenkins554223032586550881test/workspace/job
> echo "No tests specified"

No tests specified

> lb-hello-docker@1.0.0 posttest /tmp/jenkinsTests.tmp/jenkins554223032586550881test/workspace/job
> npm run lint


> lb-hello-docker@1.0.0 lint /tmp/jenkinsTests.tmp/jenkins554223032586550881test/workspace/job
> eslint .

[Pipeline] sh
+ export VERSION=0.0.0-SNAPSHOT-PR-3-1
+ skaffold build -f skaffold.yaml
time="2019-02-01T11:19:44Z" level=warning msg="config version (skaffold/v1beta2) out of date: upgrading to latest (skaffold/v1beta3)"
Starting build...
Building [changeme]...
Sending build context to Docker daemon  302.1kB
Step 1/7 : FROM node:10.12.0-alpine
10.12.0-alpine: Pulling from library/node
4fe2ade4980c: Already exists
bd603adec670: Pulling fs layer
2e3630a85691: Pulling fs layer
2e3630a85691: Verifying Checksum
2e3630a85691: Download complete
bd603adec670: Verifying Checksum
bd603adec670: Download complete
bd603adec670: Pull complete
2e3630a85691: Pull complete
Digest: sha256:1e3e3e7ffc965511c5d4f4e90ec5d9cabee95b5b1fbcd49eb6a2289f425cf183
Status: Downloaded newer image for node:10.12.0-alpine
 ---> 7ca2f9cb5536
Step 2/7 : WORKDIR /usr/src
 ---> 05ff91bfe410
Step 3/7 : COPY package*.json ./
 ---> fdad653a75c9
Step 4/7 : RUN npm install
 ---> Running in 7f3c774f9c2f
added 433 packages from 459 contributors and audited 2361 packages in 10.955s
found 0 vulnerabilities

 ---> 02ddcfac8be5
Step 5/7 : COPY . .
 ---> 5dee566ef0a6
Step 6/7 : EXPOSE 3000
 ---> Running in a024de592d4f
 ---> 9c0c1929d65f
Step 7/7 : CMD node .
 ---> Running in 001da23526e2
 ---> f6c909839819
Successfully built f6c909839819
The push refers to a repository [10.59.241.53:5000/rasppl/lb-helloworld-docker]
4d5a49e33e92: Preparing
c233907cbc3f: Preparing
322ca6e7f613: Preparing
80410c47600b: Preparing
89099b8fbac6: Preparing
cb18274b2dd1: Preparing
df64d3292fd6: Preparing
cb18274b2dd1: Waiting
df64d3292fd6: Waiting
322ca6e7f613: Pushed
80410c47600b: Pushed
cb18274b2dd1: Layer already exists
4d5a49e33e92: Pushed
89099b8fbac6: Pushed
df64d3292fd6: Pushed
c233907cbc3f: Pushed
0.0.0-SNAPSHOT-PR-3-1: digest: sha256:36eb1bbd4169c65688b75b28c7549b105a2ad370b45663cf0ca0da79271b0a40 size: 1789
Build complete in 31.561107767s
Starting test...
Test complete in 5.637µs
changeme -> 10.59.241.53:5000/rasppl/lb-helloworld-docker:0.0.0-SNAPSHOT-PR-3-1
There is a new version (0.22.0) of skaffold available. Download it at https://storage.googleapis.com/skaffold/releases/latest/skaffold-linux-amd64

[Pipeline] sh
+ jx step post build --image 10.59.241.53:5000/rasppl/lb-helloworld-docker:0.0.0-SNAPSHOT-PR-3-1
[Pipeline] dir
Running in /tmp/jenkinsTests.tmp/jenkins554223032586550881test/workspace/job/charts/preview
[Pipeline] {
[Pipeline] sh
+ make preview
sed -i -e "s/version:.*/version: 0.0.0-SNAPSHOT-PR-3-1/" Chart.yaml
sed -i -e "s/version:.*/version: 0.0.0-SNAPSHOT-PR-3-1/" ../*/Chart.yaml
sed -i -e "s|repository:.*|repository: 10.59.241.53:5000\/rasppl\/lb-helloworld-docker|" values.yaml
sed -i -e "s/tag:.*/tag: 0.0.0-SNAPSHOT-PR-3-1/" values.yaml
echo "  version: 0.0.0-SNAPSHOT-PR-3-1" >> requirements.yaml
jx step helm build
No $CHART_REPOSITORY defined so using the default value of: http://jenkins-x-chartmuseum:8080
Adding missing Helm repo: jenkins-x http://chartmuseum.jenkins-x.io
Successfully added Helm repository jenkins-x.
Adding missing Helm repo: releases http://jenkins-x-chartmuseum:8080
Successfully added Helm repository releases.
[Pipeline] sh
+ jx preview --app lb-helloworld-docker --dir ../..
Creating a preview
Commit author email is empty for: 4964c1d901a609c0cfeafd57073632c77c2b3242
Looking for commits in: /tmp/jenkinsTests.tmp/jenkins554223032586550881test/workspace/job/
Found commit author match for: rasppl with email address: bartek.dziamski@gmail.com
Created environment rasppl-lb-helloworld-docker-pr-3
Namespace jx-rasppl-lb-helloworld-docker-pr-3 created 
 expose:
  Annotations:
    helm.sh/hook: post-install,post-upgrade
    helm.sh/hook-delete-policy: hook-succeeded
  config:
    domain: 35.246.21.212.nip.io
    exposer: Ingress
    http: "true"
preview:
  image:
    repository: 10.59.241.53:5000/rasppl/lb-helloworld-docker
    tag: 0.0.0-SNAPSHOT-PR-3-1
Failed to update PipelineActivities rasppl-lb-helloworld-docker-pr-3-1: the namespace of the object (jx-rasppl-lb-helloworld-docker-pr-3) does not match the namespace on the request (jx)
Preview application is now available at: http://lb-helloworld-docker.jx-rasppl-lb-helloworld-docker-pr-3.35.246.21.212.nip.io

[Pipeline] }
[Pipeline] // dir
[Pipeline] }
[Pipeline] // withEnv
[Pipeline] }
[Pipeline] // stage
[Pipeline] stage
[Pipeline] { (Build Release)
Stage "Build Release" skipped due to when conditional
[Pipeline] }
[Pipeline] // stage
[Pipeline] stage
[Pipeline] { (Promote to Environments)
Stage "Promote to Environments" skipped due to when conditional
[Pipeline] }
[Pipeline] // stage
[Pipeline] }
[Pipeline] // withEnv
[Pipeline] }
[Pipeline] // withCredentials
[Pipeline] }
[Pipeline] // node
[Pipeline] End of Pipeline
Finished: SUCCESS
