Step: build-step-credential-initializer:

{"level":"warn","ts":1548960401.5541458,"logger":"fallback-logger","caller":"logging/config.go:65","msg":"Fetch GitHub commit ID from kodata failed: \"ref: refs/heads/test\" is not a valid GitHub commit ID"}
{"level":"info","ts":1548960401.5546007,"logger":"fallback-logger","caller":"creds-init/main.go:40","msg":"Credentials initialized."}
Step: build-step-git-source-0:

{"level":"warn","ts":1548960402.0779293,"logger":"fallback-logger","caller":"logging/config.go:65","msg":"Fetch GitHub commit ID from kodata failed: \"ref: refs/heads/test\" is not a valid GitHub commit ID"}
{"level":"info","ts":1548960403.262038,"logger":"fallback-logger","caller":"git-init/main.go:92","msg":"Successfully cloned \"https://github.com/rasppl/lb-helloworld-docker.git\" @ \"96ee35afd9c6ba074f481f7516e0bbe58a8b2368\" in path \"/workspace\""}
Step: build-step-jenkins:

Picked up _JAVA_OPTIONS: -Xmx400m
Started
Running in Durability level: PERFORMANCE_OPTIMIZED
  17.519 [id=27]	WARNING	i.f.k.c.i.VersionUsageUtils#alert: The client is using resource type 'customresourcedefinitions' with unstable version 'v1beta1'
[Pipeline] node
Running on Jenkins in /tmp/jenkinsTests.tmp/jenkins5209497379963611021test/workspace/job
[Pipeline] {
[Pipeline] stage
[Pipeline] { (Declarative: Checkout SCM)
[Pipeline] checkout
[Pipeline] }
[Pipeline] // stage
[Pipeline] withCredentials
[Pipeline] {
[Pipeline] withEnv
[Pipeline] {
[Pipeline] stage
[Pipeline] { (CI Build and push snapshot)
[Pipeline] withEnv
[Pipeline] {
[Pipeline] sh
+ npm install
added 433 packages in 9.975s
[Pipeline] sh
+ CI=true DISPLAY=:99 npm test

> lb-hello-docker@1.0.0 test /tmp/jenkinsTests.tmp/jenkins5209497379963611021test/workspace/job
> echo "No tests specified"

No tests specified

> lb-hello-docker@1.0.0 posttest /tmp/jenkinsTests.tmp/jenkins5209497379963611021test/workspace/job
> npm run lint


> lb-hello-docker@1.0.0 lint /tmp/jenkinsTests.tmp/jenkins5209497379963611021test/workspace/job
> eslint .

[Pipeline] sh
+ export VERSION=0.0.0-SNAPSHOT-PR-2-1
+ skaffold build -f skaffold.yaml
time="2019-01-31T18:47:29Z" level=warning msg="config version (skaffold/v1beta2) out of date: upgrading to latest (skaffold/v1beta3)"
Starting build...
Building [changeme]...
Sending build context to Docker daemon  302.1kB
Step 1/7 : FROM node:10.12.0-alpine
 ---> 7ca2f9cb5536
Step 2/7 : WORKDIR /usr/src
 ---> Using cache
 ---> e4ceb47ea3b2
Step 3/7 : COPY package*.json ./
 ---> Using cache
 ---> eacc19bdcdc6
Step 4/7 : RUN npm install
 ---> Using cache
 ---> 5d376ff3a891
Step 5/7 : COPY . .
 ---> 478634548071
Step 6/7 : EXPOSE 3000
 ---> Running in 939d7b7c0b59
 ---> 473729c998e9
Step 7/7 : CMD node .
 ---> Running in 472e672ea72d
 ---> 57db67324282
Successfully built 57db67324282
The push refers to a repository [10.59.241.53:5000/rasppl/lb-helloworld-docker]
0892e964e53b: Preparing
a5017176bc26: Preparing
964a1ba9417a: Preparing
94139ec2e437: Preparing
89099b8fbac6: Preparing
cb18274b2dd1: Preparing
df64d3292fd6: Preparing
cb18274b2dd1: Waiting
df64d3292fd6: Waiting
94139ec2e437: Layer already exists
964a1ba9417a: Layer already exists
89099b8fbac6: Layer already exists
a5017176bc26: Layer already exists
df64d3292fd6: Layer already exists
cb18274b2dd1: Layer already exists
0892e964e53b: Pushed
0.0.0-SNAPSHOT-PR-2-1: digest: sha256:d8be59d6af13470d33ffe29552204ce443d4a354438d25700c3f3c5643950e48 size: 1789
Build complete in 1.734654022s
Starting test...
Test complete in 5.503µs
changeme -> 10.59.241.53:5000/rasppl/lb-helloworld-docker:0.0.0-SNAPSHOT-PR-2-1
[Pipeline] sh
+ jx step post build --image 10.59.241.53:5000/rasppl/lb-helloworld-docker:0.0.0-SNAPSHOT-PR-2-1
[Pipeline] dir
Running in /tmp/jenkinsTests.tmp/jenkins5209497379963611021test/workspace/job/charts/preview
[Pipeline] {
[Pipeline] sh
+ make preview
sed -i -e "s/version:.*/version: 0.0.0-SNAPSHOT-PR-2-1/" Chart.yaml
sed -i -e "s/version:.*/version: 0.0.0-SNAPSHOT-PR-2-1/" ../*/Chart.yaml
sed -i -e "s|repository:.*|repository: 10.59.241.53:5000\/rasppl\/lb-helloworld-docker|" values.yaml
sed -i -e "s/tag:.*/tag: 0.0.0-SNAPSHOT-PR-2-1/" values.yaml
echo "  version: 0.0.0-SNAPSHOT-PR-2-1" >> requirements.yaml
jx step helm build
No $CHART_REPOSITORY defined so using the default value of: http://jenkins-x-chartmuseum:8080
Adding missing Helm repo: jenkins-x http://chartmuseum.jenkins-x.io
Successfully added Helm repository jenkins-x.
Adding missing Helm repo: releases http://jenkins-x-chartmuseum:8080
Successfully added Helm repository releases.
[Pipeline] sh
+ jx preview --app lb-helloworld-docker --dir ../..
Creating a preview
Commit author email is empty for: 96ee35afd9c6ba074f481f7516e0bbe58a8b2368
Looking for commits in: /tmp/jenkinsTests.tmp/jenkins5209497379963611021test/workspace/job/
Found commit author match for: rasppl with email address: bartek.dziamski@gmail.com
Created environment rasppl-lb-helloworld-docker-pr-2
Namespace jx-rasppl-lb-helloworld-docker-pr-2 created 
 expose:
  Annotations:
    helm.sh/hook: post-install,post-upgrade
    helm.sh/hook-delete-policy: hook-succeeded
  config:
    domain: 35.246.21.212.nip.io
    exposer: Ingress
    http: "true"
preview:
  image:
    repository: 10.59.241.53:5000/rasppl/lb-helloworld-docker
    tag: 0.0.0-SNAPSHOT-PR-2-1
Failed to update PipelineActivities rasppl-lb-helloworld-docker-pr-2-1: the namespace of the object (jx-rasppl-lb-helloworld-docker-pr-2) does not match the namespace on the request (jx)
Preview application is now available at: http://lb-helloworld-docker.jx-rasppl-lb-helloworld-docker-pr-2.35.246.21.212.nip.io

[Pipeline] }
[Pipeline] // dir
[Pipeline] }
[Pipeline] // withEnv
[Pipeline] }
[Pipeline] // stage
[Pipeline] stage
[Pipeline] { (Build Release)
Stage "Build Release" skipped due to when conditional
[Pipeline] }
[Pipeline] // stage
[Pipeline] stage
[Pipeline] { (Promote to Environments)
Stage "Promote to Environments" skipped due to when conditional
[Pipeline] }
[Pipeline] // stage
[Pipeline] }
[Pipeline] // withEnv
[Pipeline] }
[Pipeline] // withCredentials
[Pipeline] }
[Pipeline] // node
[Pipeline] End of Pipeline
Finished: SUCCESS
