Step: build-step-credential-initializer:

{"level":"warn","ts":1548958016.589861,"logger":"fallback-logger","caller":"logging/config.go:65","msg":"Fetch GitHub commit ID from kodata failed: \"ref: refs/heads/test\" is not a valid GitHub commit ID"}
{"level":"info","ts":1548958016.5903647,"logger":"fallback-logger","caller":"creds-init/main.go:40","msg":"Credentials initialized."}
Step: build-step-git-source-0:

{"level":"warn","ts":1548958017.121166,"logger":"fallback-logger","caller":"logging/config.go:65","msg":"Fetch GitHub commit ID from kodata failed: \"ref: refs/heads/test\" is not a valid GitHub commit ID"}
{"level":"info","ts":1548958018.342846,"logger":"fallback-logger","caller":"git-init/main.go:92","msg":"Successfully cloned \"https://github.com/rasppl/lb-helloworld-docker.git\" @ \"ba3ca5823f2845c94e0ed77c6a036021c27d51fe\" in path \"/workspace\""}
Step: build-step-jenkins:

Picked up _JAVA_OPTIONS: -Xmx400m
Started
Running in Durability level: PERFORMANCE_OPTIMIZED
  18.365 [id=31]	WARNING	i.f.k.c.i.VersionUsageUtils#alert: The client is using resource type 'customresourcedefinitions' with unstable version 'v1beta1'
[Pipeline] node
Running on Jenkins in /tmp/jenkinsTests.tmp/jenkins2068532411840569527test/workspace/job
[Pipeline] {
[Pipeline] stage
[Pipeline] { (Declarative: Checkout SCM)
[Pipeline] checkout
[Pipeline] }
[Pipeline] // stage
[Pipeline] withCredentials
[Pipeline] {
[Pipeline] withEnv
[Pipeline] {
[Pipeline] stage
[Pipeline] { (CI Build and push snapshot)
Stage "CI Build and push snapshot" skipped due to when conditional
[Pipeline] }
[Pipeline] // stage
[Pipeline] stage
[Pipeline] { (Build Release)
[Pipeline] git
 > git rev-parse --is-inside-work-tree # timeout=10
Fetching changes from the remote Git repository
 > git config remote.origin.url https://github.com/rasppl/lb-helloworld-docker.git # timeout=10
Fetching upstream changes from https://github.com/rasppl/lb-helloworld-docker.git
 > git --version # timeout=10
 > git fetch --tags --progress https://github.com/rasppl/lb-helloworld-docker.git +refs/heads/*:refs/remotes/origin/*
 > git rev-parse refs/remotes/origin/master^{commit} # timeout=10
 > git rev-parse refs/remotes/origin/origin/master^{commit} # timeout=10
Checking out Revision ba3ca5823f2845c94e0ed77c6a036021c27d51fe (refs/remotes/origin/master)
 > git config core.sparsecheckout # timeout=10
 > git checkout -f ba3ca5823f2845c94e0ed77c6a036021c27d51fe
 > git branch -a -v --no-abbrev # timeout=10
 > git branch -D master # timeout=10
 > git checkout -b master ba3ca5823f2845c94e0ed77c6a036021c27d51fe
Commit message: "empty test command"
First time build. Skipping changelog.
[Pipeline] sh
+ jx-release-version
+ echo 0.0.2
[Pipeline] sh
+ cat VERSION
+ jx step tag --version 0.0.2
Tag v0.0.2 created and pushed to remote origin
[Pipeline] sh
+ npm install
added 433 packages in 9.456s
[Pipeline] sh
+ CI=true DISPLAY=:99 npm test

> lb-hello-docker@1.0.0 test /tmp/jenkinsTests.tmp/jenkins2068532411840569527test/workspace/job
> echo "No tests specified"

No tests specified

> lb-hello-docker@1.0.0 posttest /tmp/jenkinsTests.tmp/jenkins2068532411840569527test/workspace/job
> npm run lint


> lb-hello-docker@1.0.0 lint /tmp/jenkinsTests.tmp/jenkins2068532411840569527test/workspace/job
> eslint .

[Pipeline] sh
+ cat VERSION
+ export VERSION=0.0.2
+ skaffold build -f skaffold.yaml
time="2019-01-31T18:07:51Z" level=warning msg="config version (skaffold/v1beta2) out of date: upgrading to latest (skaffold/v1beta3)"
Starting build...
Building [changeme]...
Sending build context to Docker daemon  376.8kB
Step 1/7 : FROM node:10.12.0-alpine
10.12.0-alpine: Pulling from library/node
4fe2ade4980c: Already exists
bd603adec670: Pulling fs layer
2e3630a85691: Pulling fs layer
2e3630a85691: Verifying Checksum
2e3630a85691: Download complete
bd603adec670: Verifying Checksum
bd603adec670: Download complete
bd603adec670: Pull complete
2e3630a85691: Pull complete
Digest: sha256:1e3e3e7ffc965511c5d4f4e90ec5d9cabee95b5b1fbcd49eb6a2289f425cf183
Status: Downloaded newer image for node:10.12.0-alpine
 ---> 7ca2f9cb5536
Step 2/7 : WORKDIR /usr/src
 ---> e4ceb47ea3b2
Step 3/7 : COPY package*.json ./
 ---> eacc19bdcdc6
Step 4/7 : RUN npm install
 ---> Running in 86b139f268bd
added 433 packages from 459 contributors and audited 2361 packages in 12.236s
found 0 vulnerabilities

 ---> 5d376ff3a891
Step 5/7 : COPY . .
 ---> 38162b7945d2
Step 6/7 : EXPOSE 3000
 ---> Running in 78809e80c687
 ---> 61c042bf77a7
Step 7/7 : CMD node .
 ---> Running in 5b715e6dea25
 ---> 4cc467716d30
Successfully built 4cc467716d30
The push refers to a repository [10.59.241.53:5000/rasppl/lb-helloworld-docker]
6403a7253173: Preparing
a5017176bc26: Preparing
964a1ba9417a: Preparing
94139ec2e437: Preparing
89099b8fbac6: Preparing
cb18274b2dd1: Preparing
df64d3292fd6: Preparing
cb18274b2dd1: Waiting
df64d3292fd6: Waiting
94139ec2e437: Pushed
964a1ba9417a: Pushed
6403a7253173: Pushed
89099b8fbac6: Pushed
df64d3292fd6: Pushed
cb18274b2dd1: Pushed
a5017176bc26: Pushed
0.0.2: digest: sha256:f867a77ea92992ffde6b6414e64c318cb2983846d2e69891c698319791270742 size: 1789
Build complete in 35.505084495s
Starting test...
Test complete in 5.67µs
changeme -> 10.59.241.53:5000/rasppl/lb-helloworld-docker:0.0.2
[Pipeline] sh
+ cat VERSION
+ jx step post build --image 10.59.241.53:5000/rasppl/lb-helloworld-docker:0.0.2
[Pipeline] }
[Pipeline] // stage
[Pipeline] stage
[Pipeline] { (Promote to Environments)
[Pipeline] dir
Running in /tmp/jenkinsTests.tmp/jenkins2068532411840569527test/workspace/job/charts/lb-helloworld-docker
[Pipeline] {
[Pipeline] sh
+ cat ../../VERSION
+ jx step changelog --batch-mode --version v0.0.2
Converted /tmp/jenkinsTests.tmp/jenkins2068532411840569527test/workspace/job/charts/lb-helloworld-docker to an unshallow repository
Generating change log from git ref ba3ca5823f2845c94e0ed77c6a036021c27d51fe => a433db24f782f60827015ae0f45a2e2d53d04bce
Failed to enrich commits with issues: User.jenkins.io "" is invalid: metadata.name: Required value: name or generateName is required
Failed to enrich commits with issues: User.jenkins.io "" is invalid: metadata.name: Required value: name or generateName is required
Finding issues in commit messages using git format
No release found for rasppl/lb-helloworld-docker and tag v0.0.2 so creating a new release
Updated the release information at https://github.com/rasppl/lb-helloworld-docker/releases/tag/v0.0.2
generated: /tmp/jenkinsTests.tmp/jenkins2068532411840569527test/workspace/job/charts/lb-helloworld-docker/templates/release.yaml
Created Release lb-helloworld-docker-0-0-2 resource in namespace jx
Updating PipelineActivity rasppl-lb-helloworld-docker-master-3 with version 0.0.2
Updated PipelineActivities rasppl-lb-helloworld-docker-master-3 with release notes URL: https://github.com/rasppl/lb-helloworld-docker/releases/tag/v0.0.2
[Pipeline] sh
+ jx step helm release
No $CHART_REPOSITORY defined so using the default value of: http://jenkins-x-chartmuseum:8080
Adding missing Helm repo: jenkins-x http://chartmuseum.jenkins-x.io
Successfully added Helm repository jenkins-x.
Adding missing Helm repo: releases http://jenkins-x-chartmuseum:8080
Successfully added Helm repository releases.
No $CHART_REPOSITORY defined so using the default value of: http://jenkins-x-chartmuseum:8080
Uploading chart file lb-helloworld-docker-0.0.2.tgz to http://jenkins-x-chartmuseum:8080/api/charts
Received 201 response: {"saved":true}
[Pipeline] sh
+ cat ../../VERSION
+ jx promote -b --all-auto --timeout 1h --version 0.0.2
prow based install so skip waiting for the merge of Pull Requests to go green as currently there is an issue with gettingstatuses from the PR, see https://github.com/jenkins-x/jx/issues/2410
Promoting app lb-helloworld-docker version 0.0.2 to namespace jx-staging
Created Pull Request: https://github.com/rasppl/environment-thehumans-dev-staging/pull/1

Failed to query the Pull Request last commit status for https://github.com/rasppl/environment-thehumans-dev-staging/pull/1 ref d1bde8a6150e06270b9e0ad28c0b4745b4c68a8c Could not find a status for repository rasppl/environment-thehumans-dev-staging with ref d1bde8a6150e06270b9e0ad28c0b4745b4c68a8c
Pull Request https://github.com/rasppl/environment-thehumans-dev-staging/pull/1 is merged at sha 427298b45ff651b18e14e89213ee3de2053999f6
Pull Request merged but we are not waiting for the update pipeline to complete!
Could not find the service URL in namespace jx-staging for names lb-helloworld-docker, jx-lb-helloworld-docker, jx-staging-lb-helloworld-docker
[Pipeline] }
[Pipeline] // dir
[Pipeline] }
[Pipeline] // stage
[Pipeline] }
[Pipeline] // withEnv
[Pipeline] }
[Pipeline] // withCredentials
[Pipeline] }
[Pipeline] // node
[Pipeline] End of Pipeline
Finished: SUCCESS
